2021-10-15T11:58:34+00:00 INFO Processing payment for order #10770
2021-10-15T11:58:34+00:00 INFO Payment creation complete for order #10770
2021-10-15T12:01:26+00:00 INFO Order #10770 : Begin processing payment IPN pay_3aBo3TtExawbtYpgzhcWa8
2021-10-15T12:01:26+00:00 INFO Order #10770 : Payment IPN pay_3aBo3TtExawbtYpgzhcWa8 processing completed.
2021-10-15T12:01:26+00:00 INFO Order #10770 : Begin processing payment IPN pay_3aBo3TtExawbtYpgzhcWa8
2021-10-15T12:01:26+00:00 INFO Order #10770 : Order Oney IPN already in progress. Ignoring IPN
2021-10-15T12:01:26+00:00 INFO Order #10770 : Begin processing payment IPN pay_3aBo3TtExawbtYpgzhcWa8
2021-10-15T12:01:26+00:00 INFO Order #10770 : Order Oney IPN already in progress. Ignoring IPN
2021-10-15T12:01:26+00:00 INFO Order #10770 : Begin processing payment IPN pay_3aBo3TtExawbtYpgzhcWa8
2021-10-15T12:01:26+00:00 INFO Order #10770 : Order Oney IPN already in progress. Ignoring IPN
2021-10-15T12:01:26+00:00 INFO Order #10770 : Begin processing payment IPN pay_3aBo3TtExawbtYpgzhcWa8
2021-10-15T12:01:26+00:00 INFO Order #10770 : Order Oney IPN already in progress. Ignoring IPN
2021-10-15T12:01:27+00:00 INFO Order #10770 : Begin processing payment IPN pay_3aBo3TtExawbtYpgzhcWa8
2021-10-15T12:01:27+00:00 INFO Order #10770 : Order Oney IPN already in progress. Ignoring IPN
2021-10-15T12:01:27+00:00 INFO Order #10770 : Begin processing payment IPN pay_3aBo3TtExawbtYpgzhcWa8
2021-10-15T12:01:27+00:00 INFO Order #10770 : Order Oney IPN already in progress. Ignoring IPN
2021-10-15T12:01:27+00:00 INFO Order #10770 : Begin processing payment IPN pay_3aBo3TtExawbtYpgzhcWa8
2021-10-15T12:01:27+00:00 INFO Order #10770 : Order Oney IPN already in progress. Ignoring IPN
2021-10-15T12:01:27+00:00 INFO Order #10770 : Begin processing payment IPN pay_3aBo3TtExawbtYpgzhcWa8
2021-10-15T12:01:27+00:00 INFO Order #10770 : Order Oney IPN already in progress. Ignoring IPN
2021-10-15T12:01:28+00:00 INFO Order #10770 : Begin processing payment IPN pay_3aBo3TtExawbtYpgzhcWa8
2021-10-15T12:01:28+00:00 INFO Order #10770 : Order Oney IPN already in progress. Ignoring IPN
2021-10-15T12:01:28+00:00 INFO Order #10770 : Begin processing payment IPN pay_3aBo3TtExawbtYpgzhcWa8
2021-10-15T12:01:28+00:00 INFO Order #10770 : Order Oney IPN already in progress. Ignoring IPN
2021-10-15T12:01:28+00:00 INFO Order #10770 : Begin processing payment IPN pay_3aBo3TtExawbtYpgzhcWa8
2021-10-15T12:01:28+00:00 INFO Order #10770 : Order Oney IPN already in progress. Ignoring IPN
2021-10-15T12:13:38+00:00 INFO Order #10770 : Begin processing payment IPN pay_3aBo3TtExawbtYpgzhcWa8
2021-10-15T12:13:38+00:00 INFO Order #10770 : Order Oney IPN already in progress. Ignoring IPN
